<?xml version="1.0" encoding="UTF-8"?>
<!-- Generated by org.testng.reporters.JUnitXMLReporter -->
<testsuite hostname="LAPTOP-RMK290R9" ignored="0" name="test1" tests="5" failures="1" timestamp="2023-09-08T12:30:12 IDT" time="592.369" errors="0">
  <testcase name="tc01_runSqlink" time="177.991" classname="tests.sqlink.Sqlink"/>
  <testcase name="tc01_RunJobnet" time="151.286" classname="tests.jobnet.Jobnet"/>
  <testcase name="tc01_RunJobMaster" time="197.672" classname="tests.jobmaster.Jobmaster"/>
  <testcase name="tc01_runDrushim" time="8.336" classname="tests.drushim.Drushim">
    <failure type="java.lang.AssertionError" message="expected [true] but found [false]">
      <![CDATA[java.lang.AssertionError: expected [true] but found [false]
at pageobjects.BasePage.assertEquals(BasePage.java:114)
at tests.drushim.Drushim.tc01_runDrushim(Drushim.java:12)
at java.util.ArrayList.forEach(ArrayList.java:1257)
... Removed 36 stack frames]]>
    </failure>
  </testcase> <!-- tc01_runDrushim -->
  <testcase name="tc01_runAllJobs" time="30.013" classname="tests.alljobs.AllJobs"/>
</testsuite> <!-- test1 -->
