<?xml version="1.0" encoding="UTF-8"?>
<!-- Generated by org.testng.reporters.JUnitXMLReporter -->
<testsuite hostname="LAPTOP-RMK290R9" ignored="0" name="test1" tests="1" failures="1" timestamp="2023-07-01T21:40:03 IDT" time="0.296" errors="0">
  <testcase name="tc01_runDrushim" time="0.034" classname="tests.Drushim">
    <failure type="org.testng.internal.reflect.MethodMatcherException" message="
[public void tests.Drushim.tc01_runDrushim(java.lang.String)] has no parameters defined but was found to be using a data provider (either explicitly specified or inherited from class level annotation).
Data provider mismatch
Method: tc01_runDrushim([Parameter{index=0, type=java.lang.String, declaredAnnotations=[]}])
Arguments: [(java.lang.String) מפתח/ת אוטומציה,(java.lang.String) Automation Engineer,(java.lang.String) Automation Developer,(java.lang.String) מהנדס/ת אוטומציה]">
      <![CDATA[org.testng.internal.reflect.MethodMatcherException: 
[public void tests.Drushim.tc01_runDrushim(java.lang.String)] has no parameters defined but was found to be using a data provider (either explicitly specified or inherited from class level annotation).
Data provider mismatch
Method: tc01_runDrushim([Parameter{index=0, type=java.lang.String, declaredAnnotations=[]}])
Arguments: [(java.lang.String) מפתח/ת אוטומציה,(java.lang.String) Automation Engineer,(java.lang.String) Automation Developer,(java.lang.String) מהנדס/ת אוטומציה]
at java.util.ArrayList.forEach(ArrayList.java:1257)
... Removed 26 stack frames]]>
    </failure>
  </testcase> <!-- tc01_runDrushim -->
</testsuite> <!-- test1 -->
