<?xml version="1.0" encoding="UTF-8"?>
<testng-results skipped="0" failed="1" ignored="0" total="5" passed="4">
  <reporter-output>
  </reporter-output>
  <suite name="Suite1" duration-ms="592369" started-at="2023-09-08T12:20:20 IDT" finished-at="2023-09-08T12:30:12 IDT">
    <groups>
    </groups>
    <test name="test1" duration-ms="592369" started-at="2023-09-08T12:20:20 IDT" finished-at="2023-09-08T12:30:12 IDT">
      <class name="tests.drushim.Drushim">
        <test-method status="PASS" signature="setup(org.testng.ITestContext)[pri:0, instance:tests.drushim.Drushim@50305a]" name="setup" is-config="true" duration-ms="7162" started-at="2023-09-08T12:29:19 IDT" finished-at="2023-09-08T12:29:27 IDT">
          <params>
            <param index="0">
              <value>
                <![CDATA[org.testng.TestRunner@32795578]]>
              </value>
            </param>
          </params>
          <reporter-output>
          </reporter-output>
        </test-method> <!-- setup -->
        <test-method status="FAIL" signature="tc01_runDrushim()[pri:0, instance:tests.drushim.Drushim@50305a]" name="tc01_runDrushim" duration-ms="8336" started-at="2023-09-08T12:29:27 IDT" finished-at="2023-09-08T12:29:35 IDT">
          <exception class="java.lang.AssertionError">
            <message>
              <![CDATA[expected [true] but found [false]]]>
            </message>
            <full-stacktrace>
              <![CDATA[java.lang.AssertionError: expected [true] but found [false]
at org.testng.Assert.fail(Assert.java:110)
at org.testng.Assert.failNotEquals(Assert.java:1413)
at org.testng.Assert.assertEqualsImpl(Assert.java:149)
at org.testng.Assert.assertEquals(Assert.java:131)
at org.testng.Assert.assertEquals(Assert.java:643)
at pageobjects.BasePage.assertEquals(BasePage.java:114)
at tests.drushim.Drushim.tc01_runDrushim(Drushim.java:12)
at sun.reflect.NativeMethodAccessorImpl.invoke0(Native Method)
at sun.reflect.NativeMethodAccessorImpl.invoke(NativeMethodAccessorImpl.java:62)
at sun.reflect.DelegatingMethodAccessorImpl.invoke(DelegatingMethodAccessorImpl.java:43)
at java.lang.reflect.Method.invoke(Method.java:498)
at org.testng.internal.invokers.MethodInvocationHelper.invokeMethod(MethodInvocationHelper.java:135)
at org.testng.internal.invokers.TestInvoker.invokeMethod(TestInvoker.java:673)
at org.testng.internal.invokers.TestInvoker.invokeTestMethod(TestInvoker.java:220)
at org.testng.internal.invokers.MethodRunner.runInSequence(MethodRunner.java:50)
at org.testng.internal.invokers.TestInvoker$MethodInvocationAgent.invoke(TestInvoker.java:945)
at org.testng.internal.invokers.TestInvoker.invokeTestMethods(TestInvoker.java:193)
at org.testng.internal.invokers.TestMethodWorker.invokeTestMethods(TestMethodWorker.java:146)
at org.testng.internal.invokers.TestMethodWorker.run(TestMethodWorker.java:128)
at java.util.ArrayList.forEach(ArrayList.java:1257)
at org.testng.TestRunner.privateRun(TestRunner.java:808)
at org.testng.TestRunner.run(TestRunner.java:603)
at org.testng.SuiteRunner.runTest(SuiteRunner.java:429)
at org.testng.SuiteRunner.runSequentially(SuiteRunner.java:423)
at org.testng.SuiteRunner.privateRun(SuiteRunner.java:383)
at org.testng.SuiteRunner.run(SuiteRunner.java:326)
at org.testng.SuiteRunnerWorker.runSuite(SuiteRunnerWorker.java:52)
at org.testng.SuiteRunnerWorker.run(SuiteRunnerWorker.java:95)
at org.testng.TestNG.runSuitesSequentially(TestNG.java:1249)
at org.testng.TestNG.runSuitesLocally(TestNG.java:1169)
at org.testng.TestNG.runSuites(TestNG.java:1092)
at org.testng.TestNG.run(TestNG.java:1060)
at org.apache.maven.surefire.testng.TestNGExecutor.run(TestNGExecutor.java:324)
at org.apache.maven.surefire.testng.TestNGXmlTestSuite.execute(TestNGXmlTestSuite.java:74)
at org.apache.maven.surefire.testng.TestNGProvider.invoke(TestNGProvider.java:123)
at org.apache.maven.surefire.booter.ForkedBooter.runSuitesInProcess(ForkedBooter.java:456)
at org.apache.maven.surefire.booter.ForkedBooter.execute(ForkedBooter.java:169)
at org.apache.maven.surefire.booter.ForkedBooter.run(ForkedBooter.java:595)
at org.apache.maven.surefire.booter.ForkedBooter.main(ForkedBooter.java:581)
]]>
            </full-stacktrace>
          </exception> <!-- java.lang.AssertionError -->
          <reporter-output>
          </reporter-output>
        </test-method> <!-- tc01_runDrushim -->
      </class> <!-- tests.drushim.Drushim -->
      <class name="tests.sqlink.Sqlink">
        <test-method status="PASS" signature="setup(org.testng.ITestContext)[pri:0, instance:tests.sqlink.Sqlink@4b4dd216]" name="setup" is-config="true" duration-ms="7852" started-at="2023-09-08T12:20:20 IDT" finished-at="2023-09-08T12:20:28 IDT">
          <params>
            <param index="0">
              <value>
                <![CDATA[org.testng.TestRunner@32795578]]>
              </value>
            </param>
          </params>
          <reporter-output>
          </reporter-output>
        </test-method> <!-- setup -->
        <test-method status="PASS" signature="tc01_runSqlink()[pri:0, instance:tests.sqlink.Sqlink@4b4dd216]" name="tc01_runSqlink" duration-ms="177991" started-at="2023-09-08T12:20:28 IDT" finished-at="2023-09-08T12:23:26 IDT">
          <reporter-output>
          </reporter-output>
        </test-method> <!-- tc01_runSqlink -->
      </class> <!-- tests.sqlink.Sqlink -->
      <class name="tests.alljobs.AllJobs">
        <test-method status="PASS" signature="setup(org.testng.ITestContext)[pri:0, instance:tests.alljobs.AllJobs@72efb5c1]" name="setup" is-config="true" duration-ms="7093" started-at="2023-09-08T12:29:35 IDT" finished-at="2023-09-08T12:29:42 IDT">
          <params>
            <param index="0">
              <value>
                <![CDATA[org.testng.TestRunner@32795578]]>
              </value>
            </param>
          </params>
          <reporter-output>
          </reporter-output>
        </test-method> <!-- setup -->
        <test-method status="PASS" signature="tc01_runAllJobs()[pri:0, instance:tests.alljobs.AllJobs@72efb5c1]" name="tc01_runAllJobs" duration-ms="30013" started-at="2023-09-08T12:29:42 IDT" finished-at="2023-09-08T12:30:12 IDT">
          <reporter-output>
          </reporter-output>
        </test-method> <!-- tc01_runAllJobs -->
      </class> <!-- tests.alljobs.AllJobs -->
      <class name="tests.jobmaster.Jobmaster">
        <test-method status="PASS" signature="setup(org.testng.ITestContext)[pri:0, instance:tests.jobmaster.Jobmaster@2970a5bc]" name="setup" is-config="true" duration-ms="2491" started-at="2023-09-08T12:25:59 IDT" finished-at="2023-09-08T12:26:02 IDT">
          <params>
            <param index="0">
              <value>
                <![CDATA[org.testng.TestRunner@32795578]]>
              </value>
            </param>
          </params>
          <reporter-output>
          </reporter-output>
        </test-method> <!-- setup -->
        <test-method status="PASS" signature="tc01_RunJobMaster()[pri:0, instance:tests.jobmaster.Jobmaster@2970a5bc]" name="tc01_RunJobMaster" duration-ms="197672" started-at="2023-09-08T12:26:02 IDT" finished-at="2023-09-08T12:29:19 IDT">
          <reporter-output>
          </reporter-output>
        </test-method> <!-- tc01_RunJobMaster -->
      </class> <!-- tests.jobmaster.Jobmaster -->
      <class name="tests.jobnet.Jobnet">
        <test-method status="PASS" signature="setup(org.testng.ITestContext)[pri:0, instance:tests.jobnet.Jobnet@672f11c2]" name="setup" is-config="true" duration-ms="2246" started-at="2023-09-08T12:23:26 IDT" finished-at="2023-09-08T12:23:28 IDT">
          <params>
            <param index="0">
              <value>
                <![CDATA[org.testng.TestRunner@32795578]]>
              </value>
            </param>
          </params>
          <reporter-output>
          </reporter-output>
        </test-method> <!-- setup -->
        <test-method status="PASS" signature="tc01_RunJobnet()[pri:0, instance:tests.jobnet.Jobnet@672f11c2]" name="tc01_RunJobnet" duration-ms="151286" started-at="2023-09-08T12:23:28 IDT" finished-at="2023-09-08T12:25:59 IDT">
          <reporter-output>
          </reporter-output>
        </test-method> <!-- tc01_RunJobnet -->
      </class> <!-- tests.jobnet.Jobnet -->
    </test> <!-- test1 -->
  </suite> <!-- Suite1 -->
</testng-results>
